[51005:259:0503/200407.339465:WARNING:chrome_main_delegate.cc(750)] This is Chrome version 124.0.6367.119 (not a warning)
[51005:259:0503/200407.770874:INFO:chrome_browser_cloud_management_controller.cc(168)] Starting CBCM Controller Initialization
[51005:259:0503/200407.770903:INFO:chrome_browser_cloud_management_controller.cc(196)] No machine level policy manager exists.
[51005:259:0503/200407.807541:WARNING:browser_management_service.cc(128)] EnterpriseLogoUrl fetch failed with error code -1 and MIME type 
[51024:259:0503/200408.316772:WARNING:runtime_features.cc(730)] AttributionReportingCrossAppWeb cannot be enabled in this configuration. Use --enable-features=ConversionMeasurement,AttributionReportingCrossAppWeb in addition.
[51025:259:0503/200408.316828:WARNING:runtime_features.cc(730)] AttributionReportingCrossAppWeb cannot be enabled in this configuration. Use --enable-features=ConversionMeasurement,AttributionReportingCrossAppWeb in addition.
[51028:259:0503/200408.867782:WARNING:runtime_features.cc(730)] AttributionReportingCrossAppWeb cannot be enabled in this configuration. Use --enable-features=ConversionMeasurement,AttributionReportingCrossAppWeb in addition.
[51029:259:0503/200408.910760:WARNING:runtime_features.cc(730)] AttributionReportingCrossAppWeb cannot be enabled in this configuration. Use --enable-features=ConversionMeasurement,AttributionReportingCrossAppWeb in addition.
[51005:259:0503/200409.056256:INFO:CONSOLE(0)] "Error with Permissions-Policy header: Origin trial controlled feature not enabled: 'attribution-reporting'.", source:  (0)
[51005:259:0503/200409.056341:INFO:CONSOLE(0)] "Error with Permissions-Policy header: Origin trial controlled feature not enabled: 'interest-cohort'.", source:  (0)
[51005:259:0503/200409.056372:INFO:CONSOLE(0)] "Error with Permissions-Policy header: Origin trial controlled feature not enabled: 'shared-storage'.", source:  (0)
[51005:259:0503/200409.056387:INFO:CONSOLE(0)] "Error with Permissions-Policy header: Origin trial controlled feature not enabled: 'shared-storage-select-url'.", source:  (0)
[51005:259:0503/200409.207938:INFO:CONSOLE(136)] "Event handler of 'x-storagemutated-1' event must be added on the initial evaluation of worker script.", source: https://static.whatsapp.net/rsrc.php/v3/y_/r/b2ly2SKDI5s.js?_nc_x=Ij3Wp8lg5Kz (136)
[51005:259:0503/200414.755182:INFO:CONSOLE(136)] "Event handler of 'x-storagemutated-1' event must be added on the initial evaluation of worker script.", source: https://static.whatsapp.net/rsrc.php/v3/y8/r/qjh48D3gMD9.js?_nc_x=Ij3Wp8lg5Kz (136)
[51005:259:0503/200416.736290:INFO:CONSOLE(0)] "Error with Permissions-Policy header: Origin trial controlled feature not enabled: 'attribution-reporting'.", source:  (0)
[51005:259:0503/200416.736344:INFO:CONSOLE(0)] "Error with Permissions-Policy header: Origin trial controlled feature not enabled: 'interest-cohort'.", source:  (0)
[51005:259:0503/200416.736366:INFO:CONSOLE(0)] "Error with Permissions-Policy header: Origin trial controlled feature not enabled: 'shared-storage'.", source:  (0)
[51005:259:0503/200416.736383:INFO:CONSOLE(0)] "Error with Permissions-Policy header: Origin trial controlled feature not enabled: 'shared-storage-select-url'.", source:  (0)
[51013:13315:0503/200417.556914:WARNING:sqlite_persistent_store_backend_base.cc(198)] Failed to post task from FlushAndNotifyInBackground@net/extras/sqlite/sqlite_persistent_store_backend_base.cc:247 to client_task_runner_.
[51013:13315:0503/200417.557216:WARNING:sqlite_persistent_store_backend_base.cc(198)] Failed to post task from FlushAndNotifyInBackground@net/extras/sqlite/sqlite_persistent_store_backend_base.cc:247 to client_task_runner_.
[51005:259:0503/200417.569464:WARNING:pref_notifier_impl.cc(41)] Pref observer for media_router.cast_allow_all_ips found at shutdown.
